( 0  from 120 )
---------Putting in List #------------------>  0
( 1  from 120 )
---------Putting in List #------------------>  1
( 2  from 120 )
---------Putting in List #------------------>  2
( 3  from 120 )
---------Putting in List #------------------>  3
( 4  from 120 )
---------Putting in List #------------------>  0
( 5  from 120 )
---------Putting in List #------------------>  1
( 6  from 120 )
---------Putting in List #------------------>  2
( 7  from 120 )
---------Putting in List #------------------>  3
( 8  from 120 )
---------Putting in List #------------------>  0
( 9  from 120 )
---------Putting in List #------------------>  1
( 10  from 120 )
---------Putting in List #------------------>  2
( 11  from 120 )
---------Putting in List #------------------>  3
( 12  from 120 )
---------Putting in List #------------------>  0
( 13  from 120 )
---------Putting in List #------------------>  1
( 14  from 120 )
---------Putting in List #------------------>  2
( 15  from 120 )
---------Putting in List #------------------>  3
( 16  from 120 )
---------Putting in List #------------------>  0
( 17  from 120 )
---------Putting in List #------------------>  1
( 18  from 120 )
---------Putting in List #------------------>  2
( 19  from 120 )
---------Putting in List #------------------>  3
( 20  from 120 )
---------Putting in List #------------------>  0
( 21  from 120 )
---------Putting in List #------------------>  1
( 22  from 120 )
---------Putting in List #------------------>  2
( 23  from 120 )
---------Putting in List #------------------>  3
( 24  from 120 )
---------Putting in List #------------------>  0
( 25  from 120 )
---------Putting in List #------------------>  1
( 26  from 120 )
---------Putting in List #------------------>  2
( 27  from 120 )
---------Putting in List #------------------>  3
( 28  from 120 )
---------Putting in List #------------------>  0
( 29  from 120 )
---------Putting in List #------------------>  1
( 30  from 120 )
---------Putting in List #------------------>  2
( 31  from 120 )
---------Putting in List #------------------>  3
( 32  from 120 )
---------Putting in List #------------------>  0
( 33  from 120 )
---------Putting in List #------------------>  1
( 34  from 120 )
---------Putting in List #------------------>  2
( 35  from 120 )
---------Putting in List #------------------>  3
( 36  from 120 )
---------Putting in List #------------------>  0
( 37  from 120 )
---------Putting in List #------------------>  1
( 38  from 120 )
---------Putting in List #------------------>  2
( 39  from 120 )
---------Putting in List #------------------>  3
( 40  from 120 )
---------Putting in List #------------------>  0
( 41  from 120 )
---------Putting in List #------------------>  1
( 42  from 120 )
---------Putting in List #------------------>  2
( 43  from 120 )
---------Putting in List #------------------>  3
( 44  from 120 )
---------Putting in List #------------------>  0
( 45  from 120 )
---------Putting in List #------------------>  1
( 46  from 120 )
---------Putting in List #------------------>  2
( 47  from 120 )
---------Putting in List #------------------>  3
( 48  from 120 )
---------Putting in List #------------------>  0
( 49  from 120 )
---------Putting in List #------------------>  1
( 50  from 120 )
---------Putting in List #------------------>  2
( 51  from 120 )
---------Putting in List #------------------>  3
( 52  from 120 )
---------Putting in List #------------------>  0
( 53  from 120 )
---------Putting in List #------------------>  1
( 54  from 120 )
---------Putting in List #------------------>  2
( 55  from 120 )
---------Putting in List #------------------>  3
( 56  from 120 )
---------Putting in List #------------------>  0
( 57  from 120 )
---------Putting in List #------------------>  1
( 58  from 120 )
---------Putting in List #------------------>  2
( 59  from 120 )
---------Putting in List #------------------>  3
( 60  from 120 )
---------Putting in List #------------------>  0
( 61  from 120 )
---------Putting in List #------------------>  1
( 62  from 120 )
---------Putting in List #------------------>  2
( 63  from 120 )
---------Putting in List #------------------>  3
( 64  from 120 )
---------Putting in List #------------------>  0
( 65  from 120 )
---------Putting in List #------------------>  1
( 66  from 120 )
---------Putting in List #------------------>  2
( 67  from 120 )
---------Putting in List #------------------>  3
( 68  from 120 )
---------Putting in List #------------------>  0
( 69  from 120 )
---------Putting in List #------------------>  1
( 70  from 120 )
---------Putting in List #------------------>  2
( 71  from 120 )
---------Putting in List #------------------>  3
( 72  from 120 )
---------Putting in List #------------------>  0
( 73  from 120 )
---------Putting in List #------------------>  1
( 74  from 120 )
---------Putting in List #------------------>  2
( 75  from 120 )
---------Putting in List #------------------>  3
( 76  from 120 )
---------Putting in List #------------------>  0
( 77  from 120 )
---------Putting in List #------------------>  1
( 78  from 120 )
---------Putting in List #------------------>  2
( 79  from 120 )
---------Putting in List #------------------>  3
( 80  from 120 )
---------Putting in List #------------------>  0
( 81  from 120 )
---------Putting in List #------------------>  1
( 82  from 120 )
---------Putting in List #------------------>  2
( 83  from 120 )
---------Putting in List #------------------>  3
( 84  from 120 )
---------Putting in List #------------------>  0
( 85  from 120 )
---------Putting in List #------------------>  1
( 86  from 120 )
---------Putting in List #------------------>  2
( 87  from 120 )
---------Putting in List #------------------>  3
( 88  from 120 )
---------Putting in List #------------------>  0
( 89  from 120 )
---------Putting in List #------------------>  1
( 90  from 120 )
---------Putting in List #------------------>  2
( 91  from 120 )
---------Putting in List #------------------>  3
( 92  from 120 )
---------Putting in List #------------------>  0
( 93  from 120 )
---------Putting in List #------------------>  1
( 94  from 120 )
---------Putting in List #------------------>  2
( 95  from 120 )
---------Putting in List #------------------>  3
( 96  from 120 )
---------Putting in List #------------------>  0
( 97  from 120 )
---------Putting in List #------------------>  1
( 98  from 120 )
---------Putting in List #------------------>  2
( 99  from 120 )
---------Putting in List #------------------>  3
( 100  from 120 )
---------Putting in List #------------------>  0
( 101  from 120 )
---------Putting in List #------------------>  1
( 102  from 120 )
---------Putting in List #------------------>  2
( 103  from 120 )
---------Putting in List #------------------>  3
( 104  from 120 )
---------Putting in List #------------------>  0
( 105  from 120 )
---------Putting in List #------------------>  1
( 106  from 120 )
---------Putting in List #------------------>  2
( 107  from 120 )
---------Putting in List #------------------>  3
( 108  from 120 )
---------Putting in List #------------------>  0
( 109  from 120 )
---------Putting in List #------------------>  1
( 110  from 120 )
---------Putting in List #------------------>  2
( 111  from 120 )
---------Putting in List #------------------>  3
( 112  from 120 )
---------Putting in List #------------------>  0
( 113  from 120 )
---------Putting in List #------------------>  1
( 114  from 120 )
---------Putting in List #------------------>  2
( 115  from 120 )
---------Putting in List #------------------>  3
( 116  from 120 )
---------Putting in List #------------------>  0
( 117  from 120 )
---------Putting in List #------------------>  1
( 118  from 120 )
---------Putting in List #------------------>  2
( 119  from 120 )
---------Putting in List #------------------>  3
Starting Thread # 0
Starting Thread # 1
object preparation took: 0.11476588249206543
sending to kafka... key: 2018-05-23T10:57:51.900000Z msg size: 13.066437721252441 MB
object submission took: 0.07826805114746094
Starting Thread # 2
Starting Thread # 3
object preparation took: 1.5824291706085205
sending to kafka... key: 2018-05-23T10:59:50.900000Z msg size: 13.031281471252441 MB
object submission took: 0.14873218536376953
object preparation took: 5.634772062301636
sending to kafka... key: 2018-05-23T10:55:53.900000Z msg size: 13.078156471252441 MB
object submission took: 0.07019519805908203
object preparation took: 2.9852991104125977
sending to kafka... key: 2018-05-23T10:58:26.900000Z msg size: 12.843781471252441 MB
object submission took: 0.07013368606567383
object preparation took: 0.9538581371307373
sending to kafka... key: 2018-05-23T10:54:07.900000Z msg size: 13.078156471252441 MB
object submission took: 0.08620190620422363
object preparation took: 3.1544852256774902
sending to kafka... key: 2018-05-23T10:56:03.900000Z msg size: 13.078156471252441 MB
object submission took: 0.06886959075927734
object preparation took: 1.2687833309173584
sending to kafka... key: 2018-05-23T10:53:45.900000Z msg size: 13.078156471252441 MB
object submission took: 0.0565183162689209
object preparation took: 1.2442338466644287
sending to kafka... key: 2018-05-23T10:56:43.900000Z msg size: 12.972687721252441 MB
object submission took: 0.05723738670349121
object preparation took: 1.1989696025848389
sending to kafka... key: 2018-05-23T10:56:18.900000Z msg size: 12.972687721252441 MB
object submission took: 0.08185648918151855
object preparation took: 1.1399476528167725
sending to kafka... key: 2018-05-23T10:59:41.900000Z msg size: 13.089875221252441 MB
object submission took: 0.06335020065307617
object preparation took: 1.0119400024414062
sending to kafka... key: 2018-05-23T10:52:17.900000Z msg size: 13.089875221252441 MB
object submission took: 0.06651115417480469
object preparation took: 1.0275464057922363
sending to kafka... key: 2018-05-23T10:54:36.900000Z msg size: 12.902375221252441 MB
object submission took: 0.05649113655090332
object preparation took: 1.0228497982025146
sending to kafka... key: 2018-05-23T10:58:53.900000Z msg size: 12.632843971252441 MB
object submission took: 0.06484246253967285
object preparation took: 1.1358814239501953
sending to kafka... key: 2018-05-23T10:53:52.900000Z msg size: 13.078156471252441 MB
object submission took: 0.09087419509887695
object preparation took: 1.2377424240112305
sending to kafka... key: 2018-05-23T10:51:02.900000Z msg size: 13.136750221252441 MB
object submission took: 0.07381772994995117
object preparation took: 1.1861507892608643
sending to kafka... key: 2018-05-23T10:49:49.900000Z msg size: 13.066437721252441 MB
object submission took: 0.0758810043334961
object preparation took: 0.938302755355835
sending to kafka... key: 2018-05-23T10:56:04.900000Z msg size: 13.078156471252441 MB
object submission took: 0.05893898010253906
object preparation took: 1.3518891334533691
sending to kafka... key: 2018-05-23T10:52:02.900000Z msg size: 13.089875221252441 MB
object submission took: 0.06795907020568848
object preparation took: 1.232905387878418
sending to kafka... key: 2018-05-23T10:51:39.900000Z msg size: 13.136750221252441 MB
object submission took: 0.06364321708679199
object preparation took: 1.2099859714508057
sending to kafka... key: 2018-05-23T10:55:59.900000Z msg size: 13.078156471252441 MB
object submission took: 0.05453324317932129
object preparation took: 1.1624550819396973
sending to kafka... key: 2018-05-23T10:58:27.900000Z msg size: 12.843781471252441 MB
object submission took: 0.059006690979003906
object preparation took: 1.1361491680145264
sending to kafka... key: 2018-05-23T10:59:33.900000Z msg size: 13.089875221252441 MB
object submission took: 0.06747221946716309
object preparation took: 1.2181642055511475
sending to kafka... key: 2018-05-23T10:52:01.900000Z msg size: 13.089875221252441 MB
object submission took: 0.05587124824523926
object preparation took: 1.1867575645446777
sending to kafka... key: 2018-05-23T10:54:10.900000Z msg size: 13.054718971252441 MB
object submission took: 0.054910898208618164
object preparation took: 1.1837365627288818
sending to kafka... key: 2018-05-23T10:59:55.900000Z msg size: 13.019562721252441 MB
object submission took: 0.06315374374389648
object preparation took: 1.2107996940612793
sending to kafka... key: 2018-05-23T10:54:11.900000Z msg size: 12.996125221252441 MB
object submission took: 0.06286931037902832
object preparation took: 1.1872594356536865
sending to kafka... key: 2018-05-23T10:50:34.900000Z msg size: 12.914093971252441 MB
object submission took: 0.06129169464111328
object preparation took: 1.1884605884552002
sending to kafka... key: 2018-05-23T10:51:51.900000Z msg size: 13.125031471252441 MB
object submission took: 0.06963396072387695
object preparation took: 1.2374293804168701
sending to kafka... key: 2018-05-23T10:50:19.900000Z msg size: 12.914093971252441 MB
object submission took: 0.05886030197143555
object preparation took: 1.2352304458618164
sending to kafka... key: 2018-05-23T10:57:19.900000Z msg size: 13.066437721252441 MB
object submission took: 0.06068158149719238
object preparation took: 1.1819162368774414
sending to kafka... key: 2018-05-23T10:49:52.900000Z msg size: 13.066437721252441 MB
object submission took: 0.06330132484436035
object preparation took: 1.2012991905212402
sending to kafka... key: 2018-05-23T10:52:46.900000Z msg size: 12.960968971252441 MB
object submission took: 0.05835890769958496
object preparation took: 1.1969635486602783
sending to kafka... key: 2018-05-23T10:56:45.900000Z msg size: 12.972687721252441 MB
object submission took: 0.06388688087463379
object preparation took: 1.1898703575134277
sending to kafka... key: 2018-05-23T10:53:51.900000Z msg size: 13.078156471252441 MB
object submission took: 0.05711841583251953
object preparation took: 1.1731867790222168
sending to kafka... key: 2018-05-23T10:58:36.900000Z msg size: 12.843781471252441 MB
object submission took: 0.05494189262390137
object preparation took: 1.2210628986358643
sending to kafka... key: 2018-05-23T10:57:13.900000Z msg size: 13.066437721252441 MB
object submission took: 0.07410430908203125
object preparation took: 1.1343424320220947
sending to kafka... key: 2018-05-23T10:53:07.900000Z msg size: 13.078156471252441 MB
object submission took: 0.06445431709289551
object preparation took: 1.1948394775390625
sending to kafka... key: 2018-05-23T11:00:14.900000Z msg size: 13.019562721252441 MB
object submission took: 0.06495094299316406
object preparation took: 1.2126858234405518
sending to kafka... key: 2018-05-23T10:51:14.900000Z msg size: 13.136750221252441 MB
object submission took: 0.0637505054473877
object preparation took: 1.1920161247253418
sending to kafka... key: 2018-05-23T10:50:13.900000Z msg size: 12.914093971252441 MB
object submission took: 0.06464052200317383
object preparation took: 1.2463278770446777
sending to kafka... key: 2018-05-23T10:53:51.900000Z msg size: 13.078156471252441 MB
object submission took: 0.07197690010070801
object preparation took: 1.2037651538848877
sending to kafka... key: 2018-05-23T10:56:47.900000Z msg size: 12.972687721252441 MB
object submission took: 0.056345462799072266
object preparation took: 1.335832118988037
sending to kafka... key: 2018-05-23T10:57:51.900000Z msg size: 13.066437721252441 MB
object submission took: 0.05805253982543945
object preparation took: 1.0053977966308594
sending to kafka... key: 2018-05-23T10:49:51.900000Z msg size: 13.066437721252441 MB
object submission took: 0.07994937896728516
object preparation took: 1.0061705112457275
sending to kafka... key: 2018-05-23T10:55:59.900000Z msg size: 13.078156471252441 MB
object submission took: 0.06445527076721191
object preparation took: 1.2803127765655518
sending to kafka... key: 2018-05-23T10:57:51.900000Z msg size: 13.066437721252441 MB
object submission took: 0.061466217041015625
object preparation took: 1.1869630813598633
sending to kafka... key: 2018-05-23T10:57:28.900000Z msg size: 13.066437721252441 MB
object submission took: 0.06201529502868652
object preparation took: 1.1698698997497559
sending to kafka... key: 2018-05-23T10:54:56.900000Z msg size: 12.703156471252441 MB
object submission took: 0.05474686622619629
object preparation took: 1.1760594844818115
sending to kafka... key: 2018-05-23T10:50:42.900000Z msg size: 12.914093971252441 MB
object submission took: 0.06050896644592285
object preparation took: 1.1725072860717773
sending to kafka... key: 2018-05-23T10:52:18.900000Z msg size: 13.089875221252441 MB
object submission took: 0.06745076179504395
object preparation took: 1.2412476539611816
sending to kafka... key: 2018-05-23T10:53:12.900000Z msg size: 13.078156471252441 MB
object submission took: 0.05590009689331055
object preparation took: 1.222243309020996
sending to kafka... key: 2018-05-23T10:50:05.900000Z msg size: 12.914093971252441 MB
object submission took: 0.05770730972290039
object preparation took: 1.214829921722412
sending to kafka... key: 2018-05-23T10:55:33.900000Z msg size: 13.078156471252441 MB
object submission took: 0.06203198432922363
object preparation took: 1.1738042831420898
sending to kafka... key: 2018-05-23T10:59:46.900000Z msg size: 13.089875221252441 MB
object submission took: 0.07284379005432129
object preparation took: 1.1815109252929688
sending to kafka... key: 2018-05-23T10:52:48.900000Z msg size: 12.960968971252441 MB
object submission took: 0.05481457710266113
object preparation took: 1.1861507892608643
sending to kafka... key: 2018-05-23T10:50:17.900000Z msg size: 12.914093971252441 MB
object submission took: 0.05764651298522949
object preparation took: 1.21807861328125
sending to kafka... key: 2018-05-23T10:52:16.900000Z msg size: 13.089875221252441 MB
object submission took: 0.0601041316986084
object preparation took: 1.1504459381103516
sending to kafka... key: 2018-05-23T10:50:39.900000Z msg size: 12.914093971252441 MB
object submission took: 0.0631406307220459
object preparation took: 1.2043635845184326
sending to kafka... key: 2018-05-23T10:55:38.900000Z msg size: 13.078156471252441 MB
object submission took: 0.06317591667175293
object preparation took: 1.2370235919952393
sending to kafka... key: 2018-05-23T10:53:38.900000Z msg size: 13.078156471252441 MB
object submission took: 0.06558847427368164
object preparation took: 1.180105447769165
sending to kafka... key: 2018-05-23T10:56:13.900000Z msg size: 13.054718971252441 MB
object submission took: 0.06037449836730957
object preparation took: 1.141305685043335
sending to kafka... key: 2018-05-23T10:53:04.900000Z msg size: 13.078156471252441 MB
object submission took: 0.05930924415588379
object preparation took: 1.1633551120758057
sending to kafka... key: 2018-05-23T10:52:07.900000Z msg size: 13.089875221252441 MB
object submission took: 0.05366110801696777
object preparation took: 1.0264768600463867
sending to kafka... key: 2018-05-23T10:50:13.900000Z msg size: 12.914093971252441 MB
object submission took: 0.05430769920349121
object preparation took: 1.3453209400177002
sending to kafka... key: 2018-05-23T10:51:25.900000Z msg size: 13.136750221252441 MB
object submission took: 0.07124638557434082
object preparation took: 1.220595359802246
sending to kafka... key: 2018-05-23T10:57:05.900000Z msg size: 13.066437721252441 MB
object submission took: 0.057137489318847656
object preparation took: 1.0362553596496582
sending to kafka... key: 2018-05-23T10:55:15.900000Z msg size: 13.078156471252441 MB
object submission took: 0.05545353889465332
object preparation took: 1.1657490730285645
sending to kafka... key: 2018-05-23T10:49:01.900000Z msg size: 13.242218971252441 MB
object submission took: 0.06748032569885254
object preparation took: 1.1018414497375488
sending to kafka... key: 2018-05-23T10:58:17.900000Z msg size: 12.914093971252441 MB
object submission took: 0.05876874923706055
object preparation took: 1.1367650032043457
sending to kafka... key: 2018-05-23T10:54:18.900000Z msg size: 12.996125221252441 MB
object submission took: 0.055878400802612305
object preparation took: 1.2179324626922607
sending to kafka... key: 2018-05-23T10:50:15.900000Z msg size: 12.914093971252441 MB
object submission took: 0.05600118637084961
object preparation took: 1.0580310821533203
sending to kafka... key: 2018-05-23T10:52:22.900000Z msg size: 12.960968971252441 MB
object submission took: 0.06536197662353516
object preparation took: 1.3144278526306152
sending to kafka... key: 2018-05-23T10:53:27.900000Z msg size: 13.078156471252441 MB
object submission took: 0.05937337875366211
object preparation took: 1.1037311553955078
sending to kafka... key: 2018-05-23T10:51:37.900000Z msg size: 13.136750221252441 MB
object submission took: 0.07407522201538086
object preparation took: 1.2042009830474854
sending to kafka... key: 2018-05-23T10:56:25.900000Z msg size: 12.972687721252441 MB
object submission took: 0.06009721755981445
object preparation took: 1.126842975616455
sending to kafka... key: 2018-05-23T10:58:27.900000Z msg size: 12.843781471252441 MB
object submission took: 0.056998491287231445
object preparation took: 1.0378501415252686
sending to kafka... key: 2018-05-23T10:53:38.900000Z msg size: 13.078156471252441 MB
object submission took: 0.057680368423461914
object preparation took: 1.3656883239746094
sending to kafka... key: 2018-05-23T10:55:16.900000Z msg size: 13.078156471252441 MB
object submission took: 0.06295895576477051
object preparation took: 1.3089125156402588
sending to kafka... key: 2018-05-23T10:49:03.900000Z msg size: 13.242218971252441 MB
object submission took: 0.06944394111633301
object preparation took: 1.3113174438476562
sending to kafka... key: 2018-05-23T10:55:29.900000Z msg size: 13.078156471252441 MB
object submission took: 0.06408834457397461
object preparation took: 1.1927809715270996
sending to kafka... key: 2018-05-23T10:55:22.900000Z msg size: 13.078156471252441 MB
object submission took: 0.06828451156616211
object preparation took: 1.3867058753967285
sending to kafka... key: 2018-05-23T10:56:21.900000Z msg size: 12.972687721252441 MB
object submission took: 0.06097698211669922
object preparation took: 1.240941047668457
sending to kafka... key: 2018-05-23T10:51:25.900000Z msg size: 13.136750221252441 MB
object submission took: 0.06357192993164062
object preparation took: 1.1974220275878906
sending to kafka... key: 2018-05-23T11:00:03.900000Z msg size: 13.019562721252441 MB
object submission took: 0.05743002891540527
object preparation took: 1.109511137008667
sending to kafka... key: 2018-05-23T10:56:19.900000Z msg size: 12.972687721252441 MB
object submission took: 0.06215023994445801
object preparation took: 1.3128044605255127
sending to kafka... key: 2018-05-23T10:56:46.900000Z msg size: 12.972687721252441 MB
object submission took: 0.07801008224487305
object preparation took: 1.2348060607910156
sending to kafka... key: 2018-05-23T10:59:20.900000Z msg size: 13.089875221252441 MB
object submission took: 0.0672605037689209
object preparation took: 1.2041923999786377
sending to kafka... key: 2018-05-23T10:49:43.900000Z msg size: 13.066437721252441 MB
object submission took: 0.07793593406677246
object preparation took: 1.2127418518066406
sending to kafka... key: 2018-05-23T10:52:33.900000Z msg size: 12.960968971252441 MB
object submission took: 0.06203794479370117
object preparation took: 1.2231674194335938
sending to kafka... key: 2018-05-23T10:55:05.900000Z msg size: 13.253937721252441 MB
object submission took: 0.07709574699401855
object preparation took: 1.0853314399719238
sending to kafka... key: 2018-05-23T10:59:40.900000Z msg size: 13.089875221252441 MB
object submission took: 0.06033897399902344
object preparation took: 1.317549705505371
sending to kafka... key: 2018-05-23T10:51:26.900000Z msg size: 13.136750221252441 MB
object submission took: 0.07747006416320801
object preparation took: 1.0668761730194092
sending to kafka... key: 2018-05-23T10:50:43.900000Z msg size: 12.914093971252441 MB
object submission took: 0.05967140197753906
object preparation took: 1.3256349563598633
sending to kafka... key: 2018-05-23T10:58:23.900000Z msg size: 12.843781471252441 MB
object submission took: 0.09039163589477539
object preparation took: 1.2791738510131836
sending to kafka... key: 2018-05-23T10:49:42.900000Z msg size: 13.066437721252441 MB
object submission took: 0.06724786758422852
object preparation took: 1.2518153190612793
sending to kafka... key: 2018-05-23T10:59:45.900000Z msg size: 13.089875221252441 MB
object submission took: 0.06664872169494629
object preparation took: 1.2490808963775635
sending to kafka... key: 2018-05-23T10:56:07.900000Z msg size: 13.078156471252441 MB
object submission took: 0.057093143463134766
object preparation took: 1.202174425125122
sending to kafka... key: 2018-05-23T10:49:32.900000Z msg size: 13.066437721252441 MB
object submission took: 0.06461763381958008
object preparation took: 1.1023550033569336
sending to kafka... key: 2018-05-23T10:56:24.900000Z msg size: 12.972687721252441 MB
object submission took: 0.054395198822021484
object preparation took: 1.3351249694824219
sending to kafka... key: 2018-05-23T10:58:06.900000Z msg size: 13.066437721252441 MB
object submission took: 0.059784889221191406
object preparation took: 1.193998098373413
sending to kafka... key: 2018-05-23T10:49:59.900000Z msg size: 12.949250221252441 MB
object submission took: 0.05842447280883789
object preparation took: 1.2022368907928467
sending to kafka... key: 2018-05-23T10:56:30.900000Z msg size: 12.972687721252441 MB
object submission took: 0.0587770938873291
object preparation took: 0.9316177368164062
sending to kafka... key: 2018-05-23T10:54:42.900000Z msg size: 12.703156471252441 MB
object submission took: 0.05594301223754883
object preparation took: 1.0059049129486084
sending to kafka... key: 2018-05-23T10:50:23.900000Z msg size: 12.914093971252441 MB
object submission took: 0.061456918716430664
object preparation took: 0.9879469871520996
sending to kafka... key: 2018-05-23T10:55:25.900000Z msg size: 13.078156471252441 MB
object submission took: 0.05631732940673828
object preparation took: 1.327023983001709
sending to kafka... key: 2018-05-23T10:55:02.900000Z msg size: 13.253937721252441 MB
object submission took: 0.07167196273803711
object preparation took: 0.9415054321289062
sending to kafka... key: 2018-05-23T10:50:10.900000Z msg size: 12.914093971252441 MB
object submission took: 0.05350971221923828
object preparation took: 1.3758995532989502
sending to kafka... key: 2018-05-23T10:49:29.900000Z msg size: 13.066437721252441 MB
object submission took: 0.05738043785095215
object preparation took: 1.0987470149993896
sending to kafka... key: 2018-05-23T10:57:38.900000Z msg size: 13.066437721252441 MB
object submission took: 0.057022809982299805
object preparation took: 1.1924574375152588
sending to kafka... key: 2018-05-23T10:58:03.900000Z msg size: 13.066437721252441 MB
object submission took: 0.055450439453125
object preparation took: 1.2225754261016846
sending to kafka... key: 2018-05-23T10:50:33.900000Z msg size: 12.914093971252441 MB
object submission took: 0.05278635025024414
object preparation took: 1.1950032711029053
sending to kafka... key: 2018-05-23T10:52:36.900000Z msg size: 12.960968971252441 MB
object submission took: 0.05757951736450195
object preparation took: 1.1620917320251465
sending to kafka... key: 2018-05-23T10:54:08.900000Z msg size: 13.078156471252441 MB
object submission took: 0.05809521675109863
object preparation took: 1.0657594203948975
sending to kafka... key: 2018-05-23T10:58:19.900000Z msg size: 12.914093971252441 MB
object submission took: 0.05620527267456055
object preparation took: 1.127953052520752
sending to kafka... key: 2018-05-23T11:00:11.900000Z msg size: 13.019562721252441 MB
object submission took: 0.053299903869628906
object preparation took: 1.1598398685455322
sending to kafka... key: 2018-05-23T10:58:48.900000Z msg size: 12.773468971252441 MB
object submission took: 0.056591033935546875
Flushing and Closing Kafka....
object preparation took: 1.1227352619171143
sending to kafka... key: 2018-05-23T10:56:32.900000Z msg size: 12.972687721252441 MB
object submission took: 0.06135725975036621
Flushing Kafka took: 0.22608590126037598
object preparation took: 1.144820213317871
sending to kafka... key: 2018-05-23T10:51:08.900000Z msg size: 13.136750221252441 MB
object submission took: 0.06822490692138672
Flushing and Closing Kafka....
object preparation took: 0.8372743129730225
sending to kafka... key: 2018-05-23T10:57:03.900000Z msg size: 13.066437721252441 MB
object submission took: 0.05908775329589844
Flushing and Closing Kafka....
Flushing Kafka took: 0.23794031143188477
object preparation took: 0.5644514560699463
sending to kafka... key: 2018-05-23T10:53:45.900000Z msg size: 13.078156471252441 MB
object submission took: 0.0622410774230957
Flushing and Closing Kafka....
Flushing Kafka took: 0.24738764762878418
Flushing Kafka took: 0.26952314376831055
==> Total Time Taken:  125.08334398269653
Program Exit
------------> Initiating new DB connection
Traceback (most recent call last):
  File "/home/spadmin/projects/seismic-processing-platform/scripts/spp_archive_api.py", line 200, in <module>
    app.run(host='0.0.0.0', threaded=True)
  File "/home/spadmin/.local/lib/python3.5/site-packages/flask/app.py", line 843, in run
    run_simple(host, port, self, **options)
  File "/home/spadmin/.local/lib/python3.5/site-packages/werkzeug/serving.py", line 814, in run_simple
    inner()
  File "/home/spadmin/.local/lib/python3.5/site-packages/werkzeug/serving.py", line 774, in inner
    fd=fd)
  File "/home/spadmin/.local/lib/python3.5/site-packages/werkzeug/serving.py", line 660, in make_server
    passthrough_errors, ssl_context, fd=fd)
  File "/home/spadmin/.local/lib/python3.5/site-packages/werkzeug/serving.py", line 577, in __init__
    self.address_family), handler)
  File "/usr/lib/python3.5/socketserver.py", line 440, in __init__
    self.server_bind()
  File "/usr/lib/python3.5/http/server.py", line 138, in server_bind
    socketserver.TCPServer.server_bind(self)
  File "/usr/lib/python3.5/socketserver.py", line 454, in server_bind
    self.socket.bind(self.server_address)
OSError: [Errno 98] Address already in use
